# JRE version: OpenJDK Runtime Environment (11.0.12+7) (build 11.0.12+7-b1504.28-7817840)
# Java VM: OpenJDK 64-Bit Server VM (11.0.12+7-b1504.28-7817840, mixed mode, tiered, compressed oops, g1 gc, windows-amd64)
Heap:
 garbage-first heap   total 129024K, used 30425K [0x0000000080000000, 0x0000000100000000)
  region size 1024K, 16 young (16384K), 2 survivors (2048K)
 Metaspace       used 22511K, capacity 23058K, committed 23296K, reserved 536576K
  class space    used 2813K, capacity 2984K, committed 3072K, reserved 516096K
GC Heap History (8 events):
Event: 1.241 GC heap before
{Heap before GC invocations=0 (full 0):
 garbage-first heap   total 129024K, used 30720K [0x0000000080000000, 0x0000000100000000)
  region size 1024K, 24 young (24576K), 0 survivors (0K)
 Metaspace       used 10222K, capacity 10427K, committed 10624K, reserved 526336K
  class space    used 1071K, capacity 1141K, committed 1152K, reserved 516096K
}
Event: 1.248 GC heap after
{Heap after GC invocations=1 (full 0):
 garbage-first heap   total 129024K, used 9180K [0x0000000080000000, 0x0000000100000000)
  region size 1024K, 3 young (3072K), 3 survivors (3072K)
 Metaspace       used 10222K, capacity 10427K, committed 10624K, reserved 526336K
  class space    used 1071K, capacity 1141K, committed 1152K, reserved 516096K
}
Event: 1.679 GC heap before
{Heap before GC invocations=1 (full 0):
 garbage-first heap   total 129024K, used 30684K [0x0000000080000000, 0x0000000100000000)
  region size 1024K, 24 young (24576K), 3 survivors (3072K)
 Metaspace       used 11194K, capacity 11382K, committed 11520K, reserved 526336K
  class space    used 1173K, capacity 1246K, committed 1280K, reserved 516096K
}
Event: 1.685 GC heap after
{Heap after GC invocations=2 (full 0):
 garbage-first heap   total 129024K, used 9979K [0x0000000080000000, 0x0000000100000000)
  region size 1024K, 1 young (1024K), 1 survivors (1024K)
 Metaspace       used 11194K, capacity 11382K, committed 11520K, reserved 526336K
  class space    used 1173K, capacity 1246K, committed 1280K, reserved 516096K
}
Event: 4.106 GC heap before
{Heap before GC invocations=2 (full 0):
 garbage-first heap   total 129024K, used 61179K [0x0000000080000000, 0x0000000100000000)
  region size 1024K, 51 young (52224K), 1 survivors (1024K)
 Metaspace       used 17805K, capacity 18186K, committed 18432K, reserved 532480K
  class space    used 2090K, capacity 2228K, committed 2304K, reserved 516096K
}
Event: 4.113 GC heap after
{Heap after GC invocations=3 (full 0):
 garbage-first heap   total 129024K, used 16090K [0x0000000080000000, 0x0000000100000000)
  region size 1024K, 7 young (7168K), 7 survivors (7168K)
 Metaspace       used 17805K, capacity 18186K, committed 18432K, reserved 532480K
  class space    used 2090K, capacity 2228K, committed 2304K, reserved 516096K
}
Event: 4.797 GC heap before
{Heap before GC invocations=3 (full 0):
 garbage-first heap   total 129024K, used 45786K [0x0000000080000000, 0x0000000100000000)
  region size 1024K, 37 young (37888K), 7 survivors (7168K)
 Metaspace       used 20755K, capacity 21158K, committed 21248K, reserved 534528K
  class space    used 2551K, capacity 2729K, committed 2816K, reserved 516096K
}
Event: 4.805 GC heap after
{Heap after GC invocations=4 (full 0):
 garbage-first heap   total 129024K, used 17113K [0x0000000080000000, 0x0000000100000000)
  region size 1024K, 2 young (2048K), 2 survivors (2048K)
 Metaspace       used 20755K, capacity 21158K, committed 21248K, reserved 534528K
  class space    used 2551K, capacity 2729K, committed 2816K, reserved 516096K
}

